<?xml version="1.0" encoding="UTF-8"?>
<testsuites>
  <testsuite name="Temperature_converter_test" file="E:\repository\deltagare\application\tests\libraries\Temperature_converter_test.php" tests="1" assertions="1" failures="0" errors="0" time="0.002328">
    <testcase name="test_FtoC" class="Temperature_converter_test" file="E:\repository\deltagare\application\tests\libraries\Temperature_converter_test.php" line="4" assertions="1" time="0.002328"/>
  </testsuite>
</testsuites>
